#
# A fatal error has been detected by the Java Runtime Environment:
#
#  SIGSEGV (0xb) at pc=0x00007fe9839f89df, pid=5658, tid=0x00007fe9547f0700
#
# JRE version: OpenJDK Runtime Environment (8.0_121-b13) (build 1.8.0_121-8u121-b13-0ubuntu1.16.04.2-b13)
# Java VM: OpenJDK 64-Bit Server VM (25.121-b13 mixed mode linux-amd64 compressed oops)
# Problematic frame:
# V  [libjvm.so+0x66f9df]
#
# Failed to write core dump. Core dumps have been disabled. To enable core dumping, try "ulimit -c unlimited" before starting Java again
#
# If you would like to submit a bug report, please visit:
#   http://bugreport.java.com/bugreport/crash.jsp
#

---------------  T H R E A D  ---------------

Current thread (0x00007fe97c2bd800):  JavaThread "AWT-XAWT" daemon [_thread_in_vm, id=5902, stack(0x00007fe9546f0000,0x00007fe9547f1000)]

siginfo: si_signo: 11 (SIGSEGV), si_code: 1 (SEGV_MAPERR), si_addr: 0x0000000000000000

Registers:
RAX=0x0000000000000000, RBX=0x00007fe97c2bd800, RCX=0x0000000000000000, RDX=0x00007fe98429d909
RSP=0x00007fe9547ef810, RBP=0x00007fe9547ef830, RSI=0x0000000000000000, RDI=0x00007fe97c2bd800
R8 =0x00000000d745b620, R9 =0x00000000d745d4a0, R10=0x00007fe96d26a8c4, R11=0x00007fe96d26a898
R12=0x00007fe97c2bd9e0, R13=0x0000000000000000, R14=0x0000000000000042, R15=0x00007fe97c2bd800
RIP=0x00007fe9839f89df, EFLAGS=0x0000000000010202, CSGSFS=0x0000000000000033, ERR=0x0000000000000004
  TRAPNO=0x000000000000000e

Top of Stack: (sp=0x00007fe9547ef810)
0x00007fe9547ef810:   00007fe97c2bd9e0 00007fe90801e880
0x00007fe9547ef820:   0000000000000000 00007fe956816b00
0x00007fe9547ef830:   00007fe9547ef860 00007fe9565f3f74
0x00007fe9547ef840:   00007fe96cbddac8 00007fe90801e880
0x00007fe9547ef850:   00007fe9547ef910 00007fe9547ef8e0
0x00007fe9547ef860:   0000000000000000 00007fe9560d63c0
0x00007fe9547ef870:   00007fe96cbddac8 00007fe9547ef8a0
0x00007fe9547ef880:   0000000000000000 00007fe9560cdf93
0x00007fe9547ef890:   00007fe9547ef910 00007fe9565ebcef
0x00007fe9547ef8a0:   00007fe9547ef8f0 00007fe96d26a936
0x00007fe9547ef8b0:   0000000000000000 00007fe96d19e576
0x00007fe9547ef8c0:   00007fe9547ef910 00000000d745d830
0x00007fe9547ef8d0:   0000000000400003 00000000d745d830
0x00007fe9547ef8e0:   00000000d745e5e8 0000000000000001
0x00007fe9547ef8f0:   00007fe9547ef970 00007fe96d007850
0x00007fe9547ef900:   00007fe9547ef970 00007fe96d007850
0x00007fe9547ef910:   0000000000000000 00007fe96d007b90
0x00007fe9547ef920:   00007fe918001270 00000000d755b5a8
0x00007fe9547ef930:   00007fe9547ef930 00007fe96cb8990c
0x00007fe9547ef940:   00007fe9547ef9b8 00007fe96cba1c78
0x00007fe9547ef950:   0000000000000000 00007fe96cb89a48
0x00007fe9547ef960:   00007fe9547ef910 00007fe9547ef9b0
0x00007fe9547ef970:   00007fe9547efa00 00007fe96d00807d
0x00007fe9547ef980:   0000000000000000 00000000d7c38988
0x00007fe9547ef990:   0000000000000000 0000000000000000
0x00007fe9547ef9a0:   0000000000000000 00000000d755b5a8
0x00007fe9547ef9b0:   0000000000000000 00000000d74a7d58
0x00007fe9547ef9c0:   00007fe9547ef9c0 00007fe96cb8974d
0x00007fe9547ef9d0:   00007fe9547efa10 00007fe96cba1c78
0x00007fe9547ef9e0:   0000000000000000 00007fe96cb89758
0x00007fe9547ef9f0:   00007fe9547ef9b0 00007fe9547efa10
0x00007fe9547efa00:   00007fe9547efa58 00007fe96d0080c2 

Instructions: (pc=0x00007fe9839f89df)
0x00007fe9839f89bf:   ac de 00 00 74 0a 48 89 df 31 db e8 21 5b 39 00
0x00007fe9839f89cf:   48 89 df e8 b9 f5 ff ff 90 48 8d 15 2a 4f 8a 00
0x00007fe9839f89df:   49 8b 45 00 80 3a 00 74 60 48 8d 35 71 6f 88 00
0x00007fe9839f89ef:   8b 50 08 8b 4e 08 48 d3 e2 48 89 d1 48 03 0e 48 

Register to memory mapping:

RAX=0x0000000000000000 is an unknown value
RBX=0x00007fe97c2bd800 is a thread
RCX=0x0000000000000000 is an unknown value
RDX=0x00007fe98429d909: <offset 0xf14909> in /usr/lib/jvm/java-8-openjdk-amd64/jre/lib/amd64/server/libjvm.so at 0x00007fe983389000
RSP=0x00007fe9547ef810 is pointing into the stack for thread: 0x00007fe97c2bd800
RBP=0x00007fe9547ef830 is pointing into the stack for thread: 0x00007fe97c2bd800
RSI=0x0000000000000000 is an unknown value
RDI=0x00007fe97c2bd800 is a thread
R8 =0x00000000d745b620 is an oop
[I 
 - klass: {type array int}
 - length: 9
R9 =0x00000000d745d4a0 is an oop
sun.util.logging.PlatformLogger$DefaultLoggerProxy 
 - klass: 'sun/util/logging/PlatformLogger$DefaultLoggerProxy'
R10=0x00007fe96d26a8c4 is at entry_point+68 in (nmethod*)0x00007fe96d26a710
R11=0x00007fe96d26a898 is at entry_point+24 in (nmethod*)0x00007fe96d26a710
R12=0x00007fe97c2bd9e0 is an unknown value
R13=0x0000000000000000 is an unknown value
R14=0x0000000000000042 is an unknown value
R15=0x00007fe97c2bd800 is a thread


Stack: [0x00007fe9546f0000,0x00007fe9547f1000],  sp=0x00007fe9547ef810,  free space=1022k
Native frames: (J=compiled Java code, j=interpreted, Vv=VM code, C=native code)
V  [libjvm.so+0x66f9df]
C  [libawt_xawt.so+0x35f74]
C  [libX11.so.6+0x643c0]  _XimServerDestroy+0x70

Java frames: (J=compiled Java code, j=interpreted, Vv=VM code)
J 574  sun.awt.X11.XlibWrapper.XFilterEvent(JJ)Z (0 bytes) @ 0x00007fe96d26a8c4 [0x00007fe96d26a880+0x44]
j  sun.awt.X11.XToolkit.run(Z)V+300
j  sun.awt.X11.XToolkit.run()V+5
j  java.lang.Thread.run()V+11
v  ~StubRoutines::call_stub

---------------  P R O C E S S  ---------------

Java Threads: ( => current thread )
  0x00007fe918004000 JavaThread "AWT-EventQueue-0" [_thread_blocked, id=7512, stack(0x00007fe9545ef000,0x00007fe9546f0000)]
  0x00007fe918003000 JavaThread "AWT-Shutdown" [_thread_blocked, id=7511, stack(0x00007fe9542ec000,0x00007fe9543ed000)]
  0x00007fe908026800 JavaThread "main" [_thread_blocked, id=7261, stack(0x00007fe9543ed000,0x00007fe9544ee000)]
  0x00007fe97c00c800 JavaThread "DestroyJavaVM" [_thread_blocked, id=5659, stack(0x00007fe984fd6000,0x00007fe9850d7000)]
  0x00007fe97c2c4800 JavaThread "BlueJ worker thread" [_thread_blocked, id=5910, stack(0x00007fe9544ee000,0x00007fe9545ef000)]
=>0x00007fe97c2bd800 JavaThread "AWT-XAWT" daemon [_thread_in_vm, id=5902, stack(0x00007fe9546f0000,0x00007fe9547f1000)]
  0x00007fe97c29c000 JavaThread "Java2D Disposer" daemon [_thread_blocked, id=5884, stack(0x00007fe954c01000,0x00007fe954d02000)]
  0x00007fe97c0cb800 JavaThread "Service Thread" daemon [_thread_blocked, id=5696, stack(0x00007fe956be9000,0x00007fe956cea000)]
  0x00007fe97c0c6000 JavaThread "C1 CompilerThread2" daemon [_thread_blocked, id=5680, stack(0x00007fe956cea000,0x00007fe956deb000)]
  0x00007fe97c0c4000 JavaThread "C2 CompilerThread1" daemon [_thread_blocked, id=5679, stack(0x00007fe956deb000,0x00007fe956eec000)]
  0x00007fe97c0c1800 JavaThread "C2 CompilerThread0" daemon [_thread_blocked, id=5678, stack(0x00007fe956eec000,0x00007fe956fed000)]
  0x00007fe944001000 JavaThread "JDWP Command Reader" daemon [_thread_in_native, id=5671, stack(0x00007fe956fed000,0x00007fe9570ee000)]
  0x00007fe97c0bf000 JavaThread "JDWP Event Helper Thread" daemon [_thread_blocked, id=5670, stack(0x00007fe9570ee000,0x00007fe9571ef000)]
  0x00007fe97c0bb800 JavaThread "JDWP Transport Listener: dt_socket" daemon [_thread_blocked, id=5669, stack(0x00007fe9571ef000,0x00007fe9572f0000)]
  0x00007fe97c0ac800 JavaThread "Signal Dispatcher" daemon [_thread_in_native, id=5668, stack(0x00007fe9574f5000,0x00007fe9575f6000)]
  0x00007fe97c086000 JavaThread "Finalizer" daemon [_thread_blocked, id=5667, stack(0x00007fe9575f6000,0x00007fe9576f7000)]
  0x00007fe97c081800 JavaThread "Reference Handler" daemon [_thread_blocked, id=5666, stack(0x00007fe9576f7000,0x00007fe9577f8000)]

Other Threads:
  0x00007fe97c07a000 VMThread [stack: 0x00007fe9577f8000,0x00007fe9578f9000] [id=5665]
  0x00007fe97c0ce000 WatcherThread [stack: 0x00007fe956ae8000,0x00007fe956be9000] [id=5697]

VM state:not at safepoint (normal execution)

VM Mutex/Monitor currently owned by a thread: None

Heap:
 PSYoungGen      total 36864K, used 27864K [0x00000000d7100000, 0x00000000d9a00000, 0x0000000100000000)
  eden space 31744K, 87% used [0x00000000d7100000,0x00000000d8c36168,0x00000000d9000000)
  from space 5120K, 0% used [0x00000000d9500000,0x00000000d9500000,0x00000000d9a00000)
  to   space 5120K, 0% used [0x00000000d9000000,0x00000000d9000000,0x00000000d9500000)
 ParOldGen       total 84992K, used 0K [0x0000000085200000, 0x000000008a500000, 0x00000000d7100000)
  object space 84992K, 0% used [0x0000000085200000,0x0000000085200000,0x000000008a500000)
 Metaspace       used 9927K, capacity 10146K, committed 10496K, reserved 1058816K
  class space    used 1060K, capacity 1163K, committed 1280K, reserved 1048576K

Card table byte_map: [0x00007fe980ba7000,0x00007fe980f7f000] byte_map_base: 0x00007fe98077e000

Marking Bits: (ParMarkBitMap*) 0x00007fe9842a7220
 Begin Bits: [0x00007fe95c290000, 0x00007fe95e148000)
 End Bits:   [0x00007fe95e148000, 0x00007fe960000000)

Polling page: 0x00007fe9850f9000

CodeCache: size=245760Kb used=3068Kb max_used=3068Kb free=242691Kb
 bounds [0x00007fe96d000000, 0x00007fe96d310000, 0x00007fe97c000000]
 total_blobs=1135 nmethods=666 adapters=392
 compilation: enabled

Compilation events (10 events):
Event: 2466.043 Thread 0x00007fe97c0c6000  662       3       java.lang.String::toLowerCase (8 bytes)
Event: 2466.043 Thread 0x00007fe97c0c6000 nmethod 662 0x00007fe96d2fe050 code [0x00007fe96d2fe1c0, 0x00007fe96d2fe448]
Event: 2564.400 Thread 0x00007fe97c0c6000  664       3       java.lang.CharacterDataLatin1::toUpperCase (53 bytes)
Event: 2564.401 Thread 0x00007fe97c0c6000 nmethod 664 0x00007fe96d2fe510 code [0x00007fe96d2fe680, 0x00007fe96d2fe970]
Event: 2884.431 Thread 0x00007fe97c0c6000  665       3       java.util.Vector::ensureCapacityHelper (16 bytes)
Event: 2884.432 Thread 0x00007fe97c0c6000 nmethod 665 0x00007fe96d2fead0 code [0x00007fe96d2fec40, 0x00007fe96d2fee28]
Event: 2973.951 Thread 0x00007fe97c0c6000  666       1       sun.awt.X11.Native::getByte (8 bytes)
Event: 2973.951 Thread 0x00007fe97c0c6000 nmethod 666 0x00007fe96d2fa790 code [0x00007fe96d2fa8e0, 0x00007fe96d2fa9f0]
Event: 2973.951 Thread 0x00007fe97c0c6000  667       3       sun.awt.XSettings$Update::needBytes (65 bytes)
Event: 2973.951 Thread 0x00007fe97c0c6000 nmethod 667 0x00007fe96d2feed0 code [0x00007fe96d2ff120, 0x00007fe96d2ffdd8]

GC Heap History (0 events):
No events

Deoptimization events (0 events):
No events

Internal exceptions (10 events):
Event: 0.629 Thread 0x00007fe97c00c800 Exception <a 'java/lang/NoSuchFieldError': method resolution failed> (0x00000000d73cbbc0) thrown at [/build/openjdk-8-YiEakL/openjdk-8-8u121-b13/src/hotspot/src/share/vm/prims/methodHandles.cpp, line 1146]
Event: 0.634 Thread 0x00007fe97c00c800 Exception <a 'java/lang/NoSuchFieldError': method resolution failed> (0x00000000d73d9390) thrown at [/build/openjdk-8-YiEakL/openjdk-8-8u121-b13/src/hotspot/src/share/vm/prims/methodHandles.cpp, line 1146]
Event: 0.648 Thread 0x00007fe97c00c800 Exception <a 'java/io/FileNotFoundException'> (0x00000000d7457ed8) thrown at [/build/openjdk-8-YiEakL/openjdk-8-8u121-b13/src/hotspot/src/share/vm/prims/jni.cpp, line 709]
Event: 0.648 Thread 0x00007fe97c00c800 Exception <a 'java/io/FileNotFoundException'> (0x00000000d74588c0) thrown at [/build/openjdk-8-YiEakL/openjdk-8-8u121-b13/src/hotspot/src/share/vm/prims/jni.cpp, line 709]
Event: 0.657 Thread 0x00007fe97c00c800 Exception <a 'java/lang/ClassNotFoundException': sun/dc/DuctusRenderingEngine> (0x00000000d7464178) thrown at [/build/openjdk-8-YiEakL/openjdk-8-8u121-b13/src/hotspot/src/share/vm/classfile/systemDictionary.cpp, line 210]
Event: 979.542 Thread 0x00007fe9140e2000 Exception <a 'java/lang/UnsupportedOperationException': > (0x00000000d7d15598) thrown at [/build/openjdk-8-YiEakL/openjdk-8-8u121-b13/src/hotspot/src/share/vm/prims/jni.cpp, line 735]
Event: 981.750 Thread 0x00007fe9140e8800 Exception <a 'java/lang/NullPointerException'> (0x00000000d7e9a808) thrown at [/build/openjdk-8-YiEakL/openjdk-8-8u121-b13/src/hotspot/src/share/vm/interpreter/linkResolver.cpp, line 1178]
Event: 981.750 Thread 0x00007fe9140e8800 Exception <a 'java/lang/reflect/InvocationTargetException'> (0x00000000d7e9aa10) thrown at [/build/openjdk-8-YiEakL/openjdk-8-8u121-b13/src/hotspot/src/share/vm/runtime/reflection.cpp, line 1092]
Event: 986.989 Thread 0x00007fe90c006800 Exception <a 'java/lang/NullPointerException'> (0x00000000d7f32008) thrown at [/build/openjdk-8-YiEakL/openjdk-8-8u121-b13/src/hotspot/src/share/vm/interpreter/linkResolver.cpp, line 1178]
Event: 986.989 Thread 0x00007fe90c006800 Exception <a 'java/lang/reflect/InvocationTargetException'> (0x00000000d7f32210) thrown at [/build/openjdk-8-YiEakL/openjdk-8-8u121-b13/src/hotspot/src/share/vm/runtime/reflection.cpp, line 1092]

Events (10 events):
Event: 2973.944 Executing VM operation: RevokeBias
Event: 2973.944 Executing VM operation: RevokeBias done
Event: 2973.951 Executing VM operation: RevokeBias
Event: 2973.951 Executing VM operation: RevokeBias done
Event: 2973.951 loading class sun/awt/X11/XAWTXSettings$1
Event: 2973.972 loading class sun/awt/X11/XAWTXSettings$1 done
Event: 2973.972 Thread 0x00007fe918003000 Thread added: 0x00007fe918003000
Event: 2973.973 Thread 0x00007fe918004000 Thread added: 0x00007fe918004000
Event: 2974.100 loading class sun/awt/X11/XDestroyWindowEvent
Event: 2974.100 loading class sun/awt/X11/XDestroyWindowEvent done


Dynamic libraries:
00400000-00401000 r-xp 00000000 08:01 11540239                           /usr/lib/jvm/java-8-openjdk-amd64/jre/bin/java
00600000-00601000 r--p 00000000 08:01 11540239                           /usr/lib/jvm/java-8-openjdk-amd64/jre/bin/java
00601000-00602000 rw-p 00001000 08:01 11540239                           /usr/lib/jvm/java-8-openjdk-amd64/jre/bin/java
017a6000-017c7000 rw-p 00000000 00:00 0                                  [heap]
85200000-8a500000 rw-p 00000000 00:00 0 
8a500000-d7100000 ---p 00000000 00:00 0 
d7100000-d9a00000 rw-p 00000000 00:00 0 
d9a00000-100000000 ---p 00000000 00:00 0 
100000000-100140000 rw-p 00000000 00:00 0 
100140000-140000000 ---p 00000000 00:00 0 
7fe9076dd000-7fe9079de000 rw-p 00000000 00:00 0 
7fe9079de000-7fe9079f5000 r-xp 00000000 08:01 11535841                   /usr/lib/jvm/java-8-openjdk-amd64/jre/lib/amd64/libnet.so
7fe9079f5000-7fe907bf4000 ---p 00017000 08:01 11535841                   /usr/lib/jvm/java-8-openjdk-amd64/jre/lib/amd64/libnet.so
7fe907bf4000-7fe907bf5000 r--p 00016000 08:01 11535841                   /usr/lib/jvm/java-8-openjdk-amd64/jre/lib/amd64/libnet.so
7fe907bf5000-7fe907bf6000 rw-p 00017000 08:01 11535841                   /usr/lib/jvm/java-8-openjdk-amd64/jre/lib/amd64/libnet.so
7fe907bf6000-7fe907bff000 r-xp 00000000 08:01 11536846                   /usr/lib/jvm/java-8-openjdk-amd64/jre/lib/amd64/libmanagement.so
7fe907bff000-7fe907dfe000 ---p 00009000 08:01 11536846                   /usr/lib/jvm/java-8-openjdk-amd64/jre/lib/amd64/libmanagement.so
7fe907dfe000-7fe907dff000 r--p 00008000 08:01 11536846                   /usr/lib/jvm/java-8-openjdk-amd64/jre/lib/amd64/libmanagement.so
7fe907dff000-7fe907e00000 rw-p 00009000 08:01 11536846                   /usr/lib/jvm/java-8-openjdk-amd64/jre/lib/amd64/libmanagement.so
7fe907e00000-7fe907f00000 rw-p 00000000 00:00 0 
7fe907f00000-7fe908000000 ---p 00000000 00:00 0 
7fe908000000-7fe908036000 rw-p 00000000 00:00 0 
7fe908036000-7fe90c000000 ---p 00000000 00:00 0 
7fe90c000000-7fe90c021000 rw-p 00000000 00:00 0 
7fe90c021000-7fe910000000 ---p 00000000 00:00 0 
7fe910000000-7fe910021000 rw-p 00000000 00:00 0 
7fe910021000-7fe914000000 ---p 00000000 00:00 0 
7fe914000000-7fe9140ea000 rw-p 00000000 00:00 0 
7fe9140ea000-7fe918000000 ---p 00000000 00:00 0 
7fe918000000-7fe918021000 rw-p 00000000 00:00 0 
7fe918021000-7fe91c000000 ---p 00000000 00:00 0 
7fe91c000000-7fe91c021000 rw-p 00000000 00:00 0 
7fe91c021000-7fe920000000 ---p 00000000 00:00 0 
7fe920000000-7fe920021000 rw-p 00000000 00:00 0 
7fe920021000-7fe924000000 ---p 00000000 00:00 0 
7fe924000000-7fe924021000 rw-p 00000000 00:00 0 
7fe924021000-7fe928000000 ---p 00000000 00:00 0 
7fe928000000-7fe928785000 rw-p 00000000 00:00 0 
7fe928785000-7fe92c000000 ---p 00000000 00:00 0 
7fe92c000000-7fe92c021000 rw-p 00000000 00:00 0 
7fe92c021000-7fe930000000 ---p 00000000 00:00 0 
7fe930000000-7fe93007a000 rw-p 00000000 00:00 0 
7fe93007a000-7fe934000000 ---p 00000000 00:00 0 
7fe934000000-7fe9340b8000 rw-p 00000000 00:00 0 
7fe9340b8000-7fe938000000 ---p 00000000 00:00 0 
7fe938000000-7fe93802a000 rw-p 00000000 00:00 0 
7fe93802a000-7fe93c000000 ---p 00000000 00:00 0 
7fe93c000000-7fe93c021000 rw-p 00000000 00:00 0 
7fe93c021000-7fe940000000 ---p 00000000 00:00 0 
7fe940000000-7fe940021000 rw-p 00000000 00:00 0 
7fe940021000-7fe944000000 ---p 00000000 00:00 0 
7fe944000000-7fe944021000 rw-p 00000000 00:00 0 
7fe944021000-7fe948000000 ---p 00000000 00:00 0 
7fe948000000-7fe948021000 rw-p 00000000 00:00 0 
7fe948021000-7fe94c000000 ---p 00000000 00:00 0 
7fe94c000000-7fe94c021000 rw-p 00000000 00:00 0 
7fe94c021000-7fe950000000 ---p 00000000 00:00 0 
7fe950000000-7fe950021000 rw-p 00000000 00:00 0 
7fe950021000-7fe954000000 ---p 00000000 00:00 0 
7fe9540c6000-7fe9541eb000 rw-s 00000000 00:05 2752534                    /SYSV00000000 (deleted)
7fe9541eb000-7fe9541ee000 ---p 00000000 00:00 0 
7fe9541ee000-7fe9542ec000 rw-p 00000000 00:00 0 
7fe9542ec000-7fe9542ef000 ---p 00000000 00:00 0 
7fe9542ef000-7fe9543ed000 rw-p 00000000 00:00 0 
7fe9543ed000-7fe9543f0000 ---p 00000000 00:00 0 
7fe9543f0000-7fe9544ee000 rw-p 00000000 00:00 0 
7fe9544ee000-7fe9544f1000 ---p 00000000 00:00 0 
7fe9544f1000-7fe9545ef000 rw-p 00000000 00:00 0 
7fe9545ef000-7fe9545f2000 ---p 00000000 00:00 0 
7fe9545f2000-7fe9546f0000 rw-p 00000000 00:00 0 
7fe9546f0000-7fe9546f3000 ---p 00000000 00:00 0 
7fe9546f3000-7fe9547f1000 rw-p 00000000 00:00 0 
7fe9547f1000-7fe9547f6000 r-xp 00000000 08:01 11280019                   /usr/lib/x86_64-linux-gnu/libXfixes.so.3.1.0
7fe9547f6000-7fe9549f5000 ---p 00005000 08:01 11280019                   /usr/lib/x86_64-linux-gnu/libXfixes.so.3.1.0
7fe9549f5000-7fe9549f6000 r--p 00004000 08:01 11280019                   /usr/lib/x86_64-linux-gnu/libXfixes.so.3.1.0
7fe9549f6000-7fe9549f7000 rw-p 00005000 08:01 11280019                   /usr/lib/x86_64-linux-gnu/libXfixes.so.3.1.0
7fe9549f7000-7fe954a00000 r-xp 00000000 08:01 11280011                   /usr/lib/x86_64-linux-gnu/libXcursor.so.1.0.2
7fe954a00000-7fe954bff000 ---p 00009000 08:01 11280011                   /usr/lib/x86_64-linux-gnu/libXcursor.so.1.0.2
7fe954bff000-7fe954c00000 r--p 00008000 08:01 11280011                   /usr/lib/x86_64-linux-gnu/libXcursor.so.1.0.2
7fe954c00000-7fe954c01000 rw-p 00009000 08:01 11280011                   /usr/lib/x86_64-linux-gnu/libXcursor.so.1.0.2
7fe954c01000-7fe954c04000 ---p 00000000 00:00 0 
7fe954c04000-7fe954d02000 rw-p 00000000 00:00 0 
7fe954d02000-7fe954d26000 r-xp 00000000 08:01 1315248                    /lib/x86_64-linux-gnu/libpng12.so.0.54.0
7fe954d26000-7fe954f25000 ---p 00024000 08:01 1315248                    /lib/x86_64-linux-gnu/libpng12.so.0.54.0
7fe954f25000-7fe954f26000 r--p 00023000 08:01 1315248                    /lib/x86_64-linux-gnu/libpng12.so.0.54.0
7fe954f26000-7fe954f27000 rw-p 00024000 08:01 1315248                    /lib/x86_64-linux-gnu/libpng12.so.0.54.0
7fe954f27000-7fe954fcb000 r-xp 00000000 08:01 11280435                   /usr/lib/x86_64-linux-gnu/libfreetype.so.6.12.1
7fe954fcb000-7fe9551ca000 ---p 000a4000 08:01 11280435                   /usr/lib/x86_64-linux-gnu/libfreetype.so.6.12.1
7fe9551ca000-7fe9551d0000 r--p 000a3000 08:01 11280435                   /usr/lib/x86_64-linux-gnu/libfreetype.so.6.12.1
7fe9551d0000-7fe9551d1000 rw-p 000a9000 08:01 11280435                   /usr/lib/x86_64-linux-gnu/libfreetype.so.6.12.1
7fe9551d1000-7fe955223000 r-xp 00000000 08:01 11535845                   /usr/lib/jvm/java-8-openjdk-amd64/jre/lib/amd64/libfontmanager.so
7fe955223000-7fe955423000 ---p 00052000 08:01 11535845                   /usr/lib/jvm/java-8-openjdk-amd64/jre/lib/amd64/libfontmanager.so
7fe955423000-7fe955425000 r--p 00052000 08:01 11535845                   /usr/lib/jvm/java-8-openjdk-amd64/jre/lib/amd64/libfontmanager.so
7fe955425000-7fe955426000 rw-p 00054000 08:01 11535845                   /usr/lib/jvm/java-8-openjdk-amd64/jre/lib/amd64/libfontmanager.so
7fe955426000-7fe95542b000 r-xp 00000000 08:01 11280015                   /usr/lib/x86_64-linux-gnu/libXdmcp.so.6.0.0
7fe95542b000-7fe95562a000 ---p 00005000 08:01 11280015                   /usr/lib/x86_64-linux-gnu/libXdmcp.so.6.0.0
7fe95562a000-7fe95562b000 r--p 00004000 08:01 11280015                   /usr/lib/x86_64-linux-gnu/libXdmcp.so.6.0.0
7fe95562b000-7fe95562c000 rw-p 00005000 08:01 11280015                   /usr/lib/x86_64-linux-gnu/libXdmcp.so.6.0.0
7fe95562c000-7fe95562e000 r-xp 00000000 08:01 11280004                   /usr/lib/x86_64-linux-gnu/libXau.so.6.0.0
7fe95562e000-7fe95582e000 ---p 00002000 08:01 11280004                   /usr/lib/x86_64-linux-gnu/libXau.so.6.0.0
7fe95582e000-7fe95582f000 r--p 00002000 08:01 11280004                   /usr/lib/x86_64-linux-gnu/libXau.so.6.0.0
7fe95582f000-7fe955830000 rw-p 00003000 08:01 11280004                   /usr/lib/x86_64-linux-gnu/libXau.so.6.0.0
7fe955830000-7fe955851000 r-xp 00000000 08:01 11281382                   /usr/lib/x86_64-linux-gnu/libxcb.so.1.1.0
7fe955851000-7fe955a50000 ---p 00021000 08:01 11281382                   /usr/lib/x86_64-linux-gnu/libxcb.so.1.1.0
7fe955a50000-7fe955a51000 r--p 00020000 08:01 11281382                   /usr/lib/x86_64-linux-gnu/libxcb.so.1.1.0
7fe955a51000-7fe955a52000 rw-p 00021000 08:01 11281382                   /usr/lib/x86_64-linux-gnu/libxcb.so.1.1.0
7fe955a52000-7fe955a61000 r-xp 00000000 08:01 11280025                   /usr/lib/x86_64-linux-gnu/libXi.so.6.1.0
7fe955a61000-7fe955c60000 ---p 0000f000 08:01 11280025                   /usr/lib/x86_64-linux-gnu/libXi.so.6.1.0
7fe955c60000-7fe955c61000 r--p 0000e000 08:01 11280025                   /usr/lib/x86_64-linux-gnu/libXi.so.6.1.0
7fe955c61000-7fe955c62000 rw-p 0000f000 08:01 11280025                   /usr/lib/x86_64-linux-gnu/libXi.so.6.1.0
7fe955c62000-7fe955c67000 r-xp 00000000 08:01 11280043                   /usr/lib/x86_64-linux-gnu/libXtst.so.6.1.0
7fe955c67000-7fe955e66000 ---p 00005000 08:01 11280043                   /usr/lib/x86_64-linux-gnu/libXtst.so.6.1.0
7fe955e66000-7fe955e67000 r--p 00004000 08:01 11280043                   /usr/lib/x86_64-linux-gnu/libXtst.so.6.1.0
7fe955e67000-7fe955e68000 rw-p 00005000 08:01 11280043                   /usr/lib/x86_64-linux-gnu/libXtst.so.6.1.0
7fe955e68000-7fe955e71000 r-xp 00000000 08:01 11280037                   /usr/lib/x86_64-linux-gnu/libXrender.so.1.3.0
7fe955e71000-7fe956070000 ---p 00009000 08:01 11280037                   /usr/lib/x86_64-linux-gnu/libXrender.so.1.3.0
7fe956070000-7fe956071000 r--p 00008000 08:01 11280037                   /usr/lib/x86_64-linux-gnu/libXrender.so.1.3.0
7fe956071000-7fe956072000 rw-p 00009000 08:01 11280037                   /usr/lib/x86_64-linux-gnu/libXrender.so.1.3.0
7fe956072000-7fe9561a7000 r-xp 00000000 08:01 11280000                   /usr/lib/x86_64-linux-gnu/libX11.so.6.3.0
7fe9561a7000-7fe9563a7000 ---p 00135000 08:01 11280000                   /usr/lib/x86_64-linux-gnu/libX11.so.6.3.0
7fe9563a7000-7fe9563a8000 r--p 00135000 08:01 11280000                   /usr/lib/x86_64-linux-gnu/libX11.so.6.3.0
7fe9563a8000-7fe9563ac000 rw-p 00136000 08:01 11280000                   /usr/lib/x86_64-linux-gnu/libX11.so.6.3.0
7fe9563ac000-7fe9563bd000 r-xp 00000000 08:01 11280017                   /usr/lib/x86_64-linux-gnu/libXext.so.6.4.0
7fe9563bd000-7fe9565bc000 ---p 00011000 08:01 11280017                   /usr/lib/x86_64-linux-gnu/libXext.so.6.4.0
7fe9565bc000-7fe9565bd000 r--p 00010000 08:01 11280017                   /usr/lib/x86_64-linux-gnu/libXext.so.6.4.0
7fe9565bd000-7fe9565be000 rw-p 00011000 08:01 11280017                   /usr/lib/x86_64-linux-gnu/libXext.so.6.4.0
7fe9565be000-7fe956612000 r-xp 00000000 08:01 11537399                   /usr/lib/jvm/java-8-openjdk-amd64/jre/lib/amd64/libawt_xawt.so
7fe956612000-7fe956812000 ---p 00054000 08:01 11537399                   /usr/lib/jvm/java-8-openjdk-amd64/jre/lib/amd64/libawt_xawt.so
7fe956812000-7fe956813000 r--p 00054000 08:01 11537399                   /usr/lib/jvm/java-8-openjdk-amd64/jre/lib/amd64/libawt_xawt.so
7fe956813000-7fe956816000 rw-p 00055000 08:01 11537399                   /usr/lib/jvm/java-8-openjdk-amd64/jre/lib/amd64/libawt_xawt.so
7fe956816000-7fe956817000 rw-p 00000000 00:00 0 
7fe956817000-7fe9568b7000 r-xp 00000000 08:01 11537404                   /usr/lib/jvm/java-8-openjdk-amd64/jre/lib/amd64/libawt.so
7fe9568b7000-7fe956ab7000 ---p 000a0000 08:01 11537404                   /usr/lib/jvm/java-8-openjdk-amd64/jre/lib/amd64/libawt.so
7fe956ab7000-7fe956ab8000 r--p 000a0000 08:01 11537404                   /usr/lib/jvm/java-8-openjdk-amd64/jre/lib/amd64/libawt.so
7fe956ab8000-7fe956ac3000 rw-p 000a1000 08:01 11537404                   /usr/lib/jvm/java-8-openjdk-amd64/jre/lib/amd64/libawt.so
7fe956ac3000-7fe956ae8000 rw-p 00000000 00:00 0 
7fe956ae8000-7fe956ae9000 ---p 00000000 00:00 0 
7fe956ae9000-7fe956be9000 rw-p 00000000 00:00 0 
7fe956be9000-7fe956bec000 ---p 00000000 00:00 0 
7fe956bec000-7fe956cea000 rw-p 00000000 00:00 0 
7fe956cea000-7fe956ced000 ---p 00000000 00:00 0 
7fe956ced000-7fe956deb000 rw-p 00000000 00:00 0 
7fe956deb000-7fe956dee000 ---p 00000000 00:00 0 
7fe956dee000-7fe956eec000 rw-p 00000000 00:00 0 
7fe956eec000-7fe956eef000 ---p 00000000 00:00 0 
7fe956eef000-7fe956fed000 rw-p 00000000 00:00 0 
7fe956fed000-7fe956ff0000 ---p 00000000 00:00 0 
7fe956ff0000-7fe9570ee000 rw-p 00000000 00:00 0 
7fe9570ee000-7fe9570f1000 ---p 00000000 00:00 0 
7fe9570f1000-7fe9571ef000 rw-p 00000000 00:00 0 
7fe9571ef000-7fe9571f2000 ---p 00000000 00:00 0 
7fe9571f2000-7fe9572f0000 rw-p 00000000 00:00 0 
7fe9572f0000-7fe9572f4000 r-xp 00000000 08:01 11535843                   /usr/lib/jvm/java-8-openjdk-amd64/jre/lib/amd64/libdt_socket.so
7fe9572f4000-7fe9574f3000 ---p 00004000 08:01 11535843                   /usr/lib/jvm/java-8-openjdk-amd64/jre/lib/amd64/libdt_socket.so
7fe9574f3000-7fe9574f4000 r--p 00003000 08:01 11535843                   /usr/lib/jvm/java-8-openjdk-amd64/jre/lib/amd64/libdt_socket.so
7fe9574f4000-7fe9574f5000 rw-p 00004000 08:01 11535843                   /usr/lib/jvm/java-8-openjdk-amd64/jre/lib/amd64/libdt_socket.so
7fe9574f5000-7fe9574f8000 ---p 00000000 00:00 0 
7fe9574f8000-7fe9575f6000 rw-p 00000000 00:00 0 
7fe9575f6000-7fe9575f9000 ---p 00000000 00:00 0 
7fe9575f9000-7fe9576f7000 rw-p 00000000 00:00 0 
7fe9576f7000-7fe9576fa000 ---p 00000000 00:00 0 
7fe9576fa000-7fe9577f8000 rw-p 00000000 00:00 0 
7fe9577f8000-7fe9577f9000 ---p 00000000 00:00 0 
7fe9577f9000-7fe958000000 rw-p 00000000 00:00 0 
7fe958000000-7fe958021000 rw-p 00000000 00:00 0 
7fe958021000-7fe95c000000 ---p 00000000 00:00 0 
7fe95c03c000-7fe95c04f000 r--s 00346000 08:01 11537516                   /usr/lib/jvm/java-8-openjdk-amd64/jre/lib/resources.jar
7fe95c04f000-7fe95c053000 r--s 00027000 08:01 12853070                   /usr/share/bluej/userlib/pi4j-core.jar
7fe95c053000-7fe95c058000 r--s 0001a000 08:01 12853069                   /usr/share/bluej/userlib/pi4j-device.jar
7fe95c058000-7fe95c073000 r--s 001d6000 08:01 11537975                   /usr/lib/jvm/java-8-openjdk-amd64/jre/lib/ext/nashorn.jar
7fe95c073000-7fe95c08e000 r--s 00394000 08:01 11537978                   /usr/lib/jvm/java-8-openjdk-amd64/jre/lib/ext/cldrdata.jar
7fe95c08e000-7fe960000000 rw-p 00000000 00:00 0 
7fe960000000-7fe960021000 rw-p 00000000 00:00 0 
7fe960021000-7fe964000000 ---p 00000000 00:00 0 
7fe964000000-7fe964021000 rw-p 00000000 00:00 0 
7fe964021000-7fe968000000 ---p 00000000 00:00 0 
7fe968000000-7fe968021000 rw-p 00000000 00:00 0 
7fe968021000-7fe96c000000 ---p 00000000 00:00 0 
7fe96c003000-7fe96c005000 r--s 00010000 08:01 12853071                   /usr/share/bluej/userlib/pi4j-gpio-extension.jar
7fe96c005000-7fe96c00b000 r--s 00034000 08:01 12192656                   /usr/share/bluej/junit-4.8.2.jar
7fe96c00b000-7fe96c632000 rw-p 00000000 00:00 0 
7fe96c632000-7fe96c800000 r--s 03c06000 08:01 11540234                   /usr/lib/jvm/java-8-openjdk-amd64/jre/lib/rt.jar
7fe96c800000-7fe96d000000 rw-p 00000000 00:00 0 
7fe96d000000-7fe96d310000 rwxp 00000000 00:00 0 
7fe96d310000-7fe97c000000 ---p 00000000 00:00 0 
7fe97c000000-7fe97c2c6000 rw-p 00000000 00:00 0 
7fe97c2c6000-7fe980000000 ---p 00000000 00:00 0 
7fe980000000-7fe980002000 r--s 00003000 08:01 12853073                   /usr/share/bluej/userlib/pi4j-service.jar
7fe980002000-7fe980016000 r--s 00158000 08:01 12192653                   /usr/share/bluej/bluejcore.jar
7fe980016000-7fe980513000 rw-p 00000000 00:00 0 
7fe980513000-7fe980514000 ---p 00000000 00:00 0 
7fe980514000-7fe980614000 rw-p 00000000 00:00 0 
7fe980614000-7fe980615000 ---p 00000000 00:00 0 
7fe980615000-7fe980715000 rw-p 00000000 00:00 0 
7fe980715000-7fe980716000 ---p 00000000 00:00 0 
7fe980716000-7fe980816000 rw-p 00000000 00:00 0 
7fe980816000-7fe980817000 ---p 00000000 00:00 0 
7fe980817000-7fe980941000 rw-p 00000000 00:00 0 
7fe980941000-7fe980ba7000 ---p 00000000 00:00 0 
7fe980ba7000-7fe980bd1000 rw-p 00000000 00:00 0 
7fe980bd1000-7fe980e36000 ---p 00000000 00:00 0 
7fe980e36000-7fe980e4b000 rw-p 00000000 00:00 0 
7fe980e4b000-7fe980f7e000 ---p 00000000 00:00 0 
7fe980f7e000-7fe980f8c000 rw-p 00000000 00:00 0 
7fe980f8c000-7fe98133f000 ---p 00000000 00:00 0 
7fe98133f000-7fe981347000 r-xp 00000000 08:01 11535839                   /usr/lib/jvm/java-8-openjdk-amd64/jre/lib/amd64/libzip.so
7fe981347000-7fe981546000 ---p 00008000 08:01 11535839                   /usr/lib/jvm/java-8-openjdk-amd64/jre/lib/amd64/libzip.so
7fe981546000-7fe981547000 r--p 00007000 08:01 11535839                   /usr/lib/jvm/java-8-openjdk-amd64/jre/lib/amd64/libzip.so
7fe981547000-7fe981548000 rw-p 00008000 08:01 11535839                   /usr/lib/jvm/java-8-openjdk-amd64/jre/lib/amd64/libzip.so
7fe981548000-7fe981553000 r-xp 00000000 08:01 1310971                    /lib/x86_64-linux-gnu/libnss_files-2.23.so
7fe981553000-7fe981752000 ---p 0000b000 08:01 1310971                    /lib/x86_64-linux-gnu/libnss_files-2.23.so
7fe981752000-7fe981753000 r--p 0000a000 08:01 1310971                    /lib/x86_64-linux-gnu/libnss_files-2.23.so
7fe981753000-7fe981754000 rw-p 0000b000 08:01 1310971                    /lib/x86_64-linux-gnu/libnss_files-2.23.so
7fe981754000-7fe98175a000 rw-p 00000000 00:00 0 
7fe98175a000-7fe981765000 r-xp 00000000 08:01 1310943                    /lib/x86_64-linux-gnu/libnss_nis-2.23.so
7fe981765000-7fe981964000 ---p 0000b000 08:01 1310943                    /lib/x86_64-linux-gnu/libnss_nis-2.23.so
7fe981964000-7fe981965000 r--p 0000a000 08:01 1310943                    /lib/x86_64-linux-gnu/libnss_nis-2.23.so
7fe981965000-7fe981966000 rw-p 0000b000 08:01 1310943                    /lib/x86_64-linux-gnu/libnss_nis-2.23.so
7fe981966000-7fe98197c000 r-xp 00000000 08:01 1310965                    /lib/x86_64-linux-gnu/libnsl-2.23.so
7fe98197c000-7fe981b7b000 ---p 00016000 08:01 1310965                    /lib/x86_64-linux-gnu/libnsl-2.23.so
7fe981b7b000-7fe981b7c000 r--p 00015000 08:01 1310965                    /lib/x86_64-linux-gnu/libnsl-2.23.so
7fe981b7c000-7fe981b7d000 rw-p 00016000 08:01 1310965                    /lib/x86_64-linux-gnu/libnsl-2.23.so
7fe981b7d000-7fe981b7f000 rw-p 00000000 00:00 0 
7fe981b7f000-7fe981b87000 r-xp 00000000 08:01 1310967                    /lib/x86_64-linux-gnu/libnss_compat-2.23.so
7fe981b87000-7fe981d86000 ---p 00008000 08:01 1310967                    /lib/x86_64-linux-gnu/libnss_compat-2.23.so
7fe981d86000-7fe981d87000 r--p 00007000 08:01 1310967                    /lib/x86_64-linux-gnu/libnss_compat-2.23.so
7fe981d87000-7fe981d88000 rw-p 00008000 08:01 1310967                    /lib/x86_64-linux-gnu/libnss_compat-2.23.so
7fe981d88000-7fe982060000 r--p 00000000 08:01 11272400                   /usr/lib/locale/locale-archive
7fe982060000-7fe982062000 r-xp 00000000 08:01 11537403                   /usr/lib/jvm/java-8-openjdk-amd64/jre/lib/amd64/libnpt.so
7fe982062000-7fe982262000 ---p 00002000 08:01 11537403                   /usr/lib/jvm/java-8-openjdk-amd64/jre/lib/amd64/libnpt.so
7fe982262000-7fe982263000 r--p 00002000 08:01 11537403                   /usr/lib/jvm/java-8-openjdk-amd64/jre/lib/amd64/libnpt.so
7fe982263000-7fe982264000 rw-p 00003000 08:01 11537403                   /usr/lib/jvm/java-8-openjdk-amd64/jre/lib/amd64/libnpt.so
7fe982264000-7fe98229f000 r-xp 00000000 08:01 11535852                   /usr/lib/jvm/java-8-openjdk-amd64/jre/lib/amd64/libjdwp.so
7fe98229f000-7fe98249e000 ---p 0003b000 08:01 11535852                   /usr/lib/jvm/java-8-openjdk-amd64/jre/lib/amd64/libjdwp.so
7fe98249e000-7fe98249f000 r--p 0003a000 08:01 11535852                   /usr/lib/jvm/java-8-openjdk-amd64/jre/lib/amd64/libjdwp.so
7fe98249f000-7fe9824a0000 rw-p 0003b000 08:01 11535852                   /usr/lib/jvm/java-8-openjdk-amd64/jre/lib/amd64/libjdwp.so
7fe9824a0000-7fe9824cd000 r-xp 00000000 08:01 11537408                   /usr/lib/jvm/java-8-openjdk-amd64/jre/lib/amd64/libjava.so
7fe9824cd000-7fe9826cc000 ---p 0002d000 08:01 11537408                   /usr/lib/jvm/java-8-openjdk-amd64/jre/lib/amd64/libjava.so
7fe9826cc000-7fe9826cd000 r--p 0002c000 08:01 11537408                   /usr/lib/jvm/java-8-openjdk-amd64/jre/lib/amd64/libjava.so
7fe9826cd000-7fe9826cf000 rw-p 0002d000 08:01 11537408                   /usr/lib/jvm/java-8-openjdk-amd64/jre/lib/amd64/libjava.so
7fe9826cf000-7fe9826de000 r-xp 00000000 08:01 11535832                   /usr/lib/jvm/java-8-openjdk-amd64/jre/lib/amd64/libverify.so
7fe9826de000-7fe9828dd000 ---p 0000f000 08:01 11535832                   /usr/lib/jvm/java-8-openjdk-amd64/jre/lib/amd64/libverify.so
7fe9828dd000-7fe9828df000 r--p 0000e000 08:01 11535832                   /usr/lib/jvm/java-8-openjdk-amd64/jre/lib/amd64/libverify.so
7fe9828df000-7fe9828e0000 rw-p 00010000 08:01 11535832                   /usr/lib/jvm/java-8-openjdk-amd64/jre/lib/amd64/libverify.so
7fe9828e0000-7fe9828e7000 r-xp 00000000 08:01 1310941                    /lib/x86_64-linux-gnu/librt-2.23.so
7fe9828e7000-7fe982ae6000 ---p 00007000 08:01 1310941                    /lib/x86_64-linux-gnu/librt-2.23.so
7fe982ae6000-7fe982ae7000 r--p 00006000 08:01 1310941                    /lib/x86_64-linux-gnu/librt-2.23.so
7fe982ae7000-7fe982ae8000 rw-p 00007000 08:01 1310941                    /lib/x86_64-linux-gnu/librt-2.23.so
7fe982ae8000-7fe982afe000 r-xp 00000000 08:01 1315145                    /lib/x86_64-linux-gnu/libgcc_s.so.1
7fe982afe000-7fe982cfd000 ---p 00016000 08:01 1315145                    /lib/x86_64-linux-gnu/libgcc_s.so.1
7fe982cfd000-7fe982cfe000 rw-p 00015000 08:01 1315145                    /lib/x86_64-linux-gnu/libgcc_s.so.1
7fe982cfe000-7fe982e06000 r-xp 00000000 08:01 1310961                    /lib/x86_64-linux-gnu/libm-2.23.so
7fe982e06000-7fe983005000 ---p 00108000 08:01 1310961                    /lib/x86_64-linux-gnu/libm-2.23.so
7fe983005000-7fe983006000 r--p 00107000 08:01 1310961                    /lib/x86_64-linux-gnu/libm-2.23.so
7fe983006000-7fe983007000 rw-p 00108000 08:01 1310961                    /lib/x86_64-linux-gnu/libm-2.23.so
7fe983007000-7fe983179000 r-xp 00000000 08:01 11272544                   /usr/lib/x86_64-linux-gnu/libstdc++.so.6.0.21
7fe983179000-7fe983379000 ---p 00172000 08:01 11272544                   /usr/lib/x86_64-linux-gnu/libstdc++.so.6.0.21
7fe983379000-7fe983383000 r--p 00172000 08:01 11272544                   /usr/lib/x86_64-linux-gnu/libstdc++.so.6.0.21
7fe983383000-7fe983385000 rw-p 0017c000 08:01 11272544                   /usr/lib/x86_64-linux-gnu/libstdc++.so.6.0.21
7fe983385000-7fe983389000 rw-p 00000000 00:00 0 
7fe983389000-7fe983fd9000 r-xp 00000000 08:01 11537401                   /usr/lib/jvm/java-8-openjdk-amd64/jre/lib/amd64/server/libjvm.so
7fe983fd9000-7fe9841d8000 ---p 00c50000 08:01 11537401                   /usr/lib/jvm/java-8-openjdk-amd64/jre/lib/amd64/server/libjvm.so
7fe9841d8000-7fe98426b000 r--p 00c4f000 08:01 11537401                   /usr/lib/jvm/java-8-openjdk-amd64/jre/lib/amd64/server/libjvm.so
7fe98426b000-7fe984294000 rw-p 00ce2000 08:01 11537401                   /usr/lib/jvm/java-8-openjdk-amd64/jre/lib/amd64/server/libjvm.so
7fe984294000-7fe9842c4000 rw-p 00000000 00:00 0 
7fe9842c4000-7fe9842dc000 r-xp 00000000 08:01 1310963                    /lib/x86_64-linux-gnu/libpthread-2.23.so
7fe9842dc000-7fe9844db000 ---p 00018000 08:01 1310963                    /lib/x86_64-linux-gnu/libpthread-2.23.so
7fe9844db000-7fe9844dc000 r--p 00017000 08:01 1310963                    /lib/x86_64-linux-gnu/libpthread-2.23.so
7fe9844dc000-7fe9844dd000 rw-p 00018000 08:01 1310963                    /lib/x86_64-linux-gnu/libpthread-2.23.so
7fe9844dd000-7fe9844e1000 rw-p 00000000 00:00 0 
7fe9844e1000-7fe9844e4000 r-xp 00000000 08:01 1310949                    /lib/x86_64-linux-gnu/libdl-2.23.so
7fe9844e4000-7fe9846e3000 ---p 00003000 08:01 1310949                    /lib/x86_64-linux-gnu/libdl-2.23.so
7fe9846e3000-7fe9846e4000 r--p 00002000 08:01 1310949                    /lib/x86_64-linux-gnu/libdl-2.23.so
7fe9846e4000-7fe9846e5000 rw-p 00003000 08:01 1310949                    /lib/x86_64-linux-gnu/libdl-2.23.so
7fe9846e5000-7fe9846fe000 r-xp 00000000 08:01 1315298                    /lib/x86_64-linux-gnu/libz.so.1.2.8
7fe9846fe000-7fe9848fd000 ---p 00019000 08:01 1315298                    /lib/x86_64-linux-gnu/libz.so.1.2.8
7fe9848fd000-7fe9848fe000 r--p 00018000 08:01 1315298                    /lib/x86_64-linux-gnu/libz.so.1.2.8
7fe9848fe000-7fe9848ff000 rw-p 00019000 08:01 1315298                    /lib/x86_64-linux-gnu/libz.so.1.2.8
7fe9848ff000-7fe984abe000 r-xp 00000000 08:01 1310951                    /lib/x86_64-linux-gnu/libc-2.23.so
7fe984abe000-7fe984cbe000 ---p 001bf000 08:01 1310951                    /lib/x86_64-linux-gnu/libc-2.23.so
7fe984cbe000-7fe984cc2000 r--p 001bf000 08:01 1310951                    /lib/x86_64-linux-gnu/libc-2.23.so
7fe984cc2000-7fe984cc4000 rw-p 001c3000 08:01 1310951                    /lib/x86_64-linux-gnu/libc-2.23.so
7fe984cc4000-7fe984cc8000 rw-p 00000000 00:00 0 
7fe984cc8000-7fe984cd5000 r-xp 00000000 08:01 11536844                   /usr/lib/jvm/java-8-openjdk-amd64/jre/lib/amd64/jli/libjli.so
7fe984cd5000-7fe984ed5000 ---p 0000d000 08:01 11536844                   /usr/lib/jvm/java-8-openjdk-amd64/jre/lib/amd64/jli/libjli.so
7fe984ed5000-7fe984ed6000 r--p 0000d000 08:01 11536844                   /usr/lib/jvm/java-8-openjdk-amd64/jre/lib/amd64/jli/libjli.so
7fe984ed6000-7fe984ed7000 rw-p 0000e000 08:01 11536844                   /usr/lib/jvm/java-8-openjdk-amd64/jre/lib/amd64/jli/libjli.so
7fe984ed7000-7fe984efd000 r-xp 00000000 08:01 1310929                    /lib/x86_64-linux-gnu/ld-2.23.so
7fe984efd000-7fe984f02000 r--s 002f9000 08:01 11540233                   /usr/lib/jvm/java-8-openjdk-amd64/jre/lib/charsets.jar
7fe984f02000-7fe984f06000 r--s 00037000 08:01 11537980                   /usr/lib/jvm/java-8-openjdk-amd64/jre/lib/ext/sunpkcs11.jar
7fe984f06000-7fe984f0b000 r--s 0003b000 08:01 11538853                   /usr/lib/jvm/java-8-openjdk-amd64/jre/lib/ext/sunjce_provider.jar
7fe984f0b000-7fe984fd6000 rw-p 00000000 00:00 0 
7fe984fd6000-7fe984fd9000 ---p 00000000 00:00 0 
7fe984fd9000-7fe9850dc000 rw-p 00000000 00:00 0 
7fe9850dc000-7fe9850dd000 r--p 00000000 08:01 13240566                   /usr/share/locale-langpack/en_GB/LC_MESSAGES/libc.mo
7fe9850dd000-7fe9850e0000 r--s 0000f000 08:01 11537977                   /usr/lib/jvm/java-8-openjdk-amd64/jre/lib/ext/icedtea-sound.jar
7fe9850e0000-7fe9850ea000 r--s 00116000 08:01 11537981                   /usr/lib/jvm/java-8-openjdk-amd64/jre/lib/ext/localedata.jar
7fe9850ea000-7fe9850ec000 r--s 00008000 08:01 11537974                   /usr/lib/jvm/java-8-openjdk-amd64/jre/lib/ext/sunec.jar
7fe9850ec000-7fe9850ed000 r--s 00010000 08:01 11537979                   /usr/lib/jvm/java-8-openjdk-amd64/jre/lib/ext/zipfs.jar
7fe9850ed000-7fe9850ef000 r--s 00001000 08:01 11537976                   /usr/lib/jvm/java-8-openjdk-amd64/jre/lib/ext/dnsns.jar
7fe9850ef000-7fe9850f0000 r--s 0000a000 08:01 11538854                   /usr/lib/jvm/java-8-openjdk-amd64/jre/lib/ext/jaccess.jar
7fe9850f0000-7fe9850f8000 rw-s 00000000 08:01 36962330                   /tmp/hsperfdata_dicer/5658
7fe9850f8000-7fe9850f9000 rw-p 00000000 00:00 0 
7fe9850f9000-7fe9850fa000 r--p 00000000 00:00 0 
7fe9850fa000-7fe9850fc000 rw-p 00000000 00:00 0 
7fe9850fc000-7fe9850fd000 r--p 00025000 08:01 1310929                    /lib/x86_64-linux-gnu/ld-2.23.so
7fe9850fd000-7fe9850fe000 rw-p 00026000 08:01 1310929                    /lib/x86_64-linux-gnu/ld-2.23.so
7fe9850fe000-7fe9850ff000 rw-p 00000000 00:00 0 
7ffc9af4e000-7ffc9af6f000 rw-p 00000000 00:00 0                          [stack]
7ffc9af89000-7ffc9af8b000 r--p 00000000 00:00 0                          [vvar]
7ffc9af8b000-7ffc9af8d000 r-xp 00000000 00:00 0                          [vdso]
ffffffffff600000-ffffffffff601000 r-xp 00000000 00:00 0                  [vsyscall]

VM Arguments:
jvm_args: -ea -Djavafx.macosx.embedded=true -agentlib:jdwp=transport=dt_socket,address=127.0.0.1:36795 -Dfile.encoding=UTF-8 
java_command: bluej.runtime.ExecServer UTF-8
java_class_path (initial): /usr/share/bluej/bluejcore.jar:/usr/share/bluej/junit-4.8.2.jar:/usr/share/bluej/userlib/pi4j-service.jar:/usr/share/bluej/userlib/pi4j-gpio-extension.jar:/usr/share/bluej/userlib/pi4j-device.jar:/usr/share/bluej/userlib/pi4j-core.jar
Launcher Type: SUN_STANDARD

Environment Variables:
PATH=/home/dicer/bin:/home/dicer/.local/bin:/usr/local/sbin:/usr/local/bin:/usr/sbin:/usr/bin:/sbin:/bin:/usr/games:/usr/local/games:/snap/bin
SHELL=/bin/bash
DISPLAY=:0

Signal Handlers:
SIGSEGV: [libjvm.so+0xa66fd0], sa_mask[0]=11111111011111111101111111111110, sa_flags=SA_RESTART|SA_SIGINFO
SIGBUS: [libjvm.so+0xa66fd0], sa_mask[0]=11111111011111111101111111111110, sa_flags=SA_RESTART|SA_SIGINFO
SIGFPE: [libjvm.so+0x8b0180], sa_mask[0]=11111111011111111101111111111110, sa_flags=SA_RESTART|SA_SIGINFO
SIGPIPE: [libjvm.so+0x8b0180], sa_mask[0]=11111111011111111101111111111110, sa_flags=SA_RESTART|SA_SIGINFO
SIGXFSZ: [libjvm.so+0x8b0180], sa_mask[0]=11111111011111111101111111111110, sa_flags=SA_RESTART|SA_SIGINFO
SIGILL: [libjvm.so+0x8b0180], sa_mask[0]=11111111011111111101111111111110, sa_flags=SA_RESTART|SA_SIGINFO
SIGUSR1: SIG_DFL, sa_mask[0]=00000000000000000000000000000000, sa_flags=none
SIGUSR2: [libjvm.so+0x8b0030], sa_mask[0]=00100000000000000000000000000000, sa_flags=SA_RESTART|SA_SIGINFO
SIGHUP: [libjvm.so+0x8b0500], sa_mask[0]=11111111011111111101111111111110, sa_flags=SA_RESTART|SA_SIGINFO
SIGINT: [libjvm.so+0x8b0500], sa_mask[0]=11111111011111111101111111111110, sa_flags=SA_RESTART|SA_SIGINFO
SIGTERM: [libjvm.so+0x8b0500], sa_mask[0]=11111111011111111101111111111110, sa_flags=SA_RESTART|SA_SIGINFO
SIGQUIT: [libjvm.so+0x8b0500], sa_mask[0]=11111111011111111101111111111110, sa_flags=SA_RESTART|SA_SIGINFO


---------------  S Y S T E M  ---------------

OS:DISTRIB_ID=Ubuntu
DISTRIB_RELEASE=16.04
DISTRIB_CODENAME=xenial
DISTRIB_DESCRIPTION="Ubuntu 16.04.1 LTS"

uname:Linux 4.4.0-66-generic #87-Ubuntu SMP Fri Mar 3 15:29:05 UTC 2017 x86_64
libc:glibc 2.23 NPTL 2.23 
rlimit: STACK 8192k, CORE 0k, NPROC 31292, NOFILE 65536, AS infinity
load average:0.31 0.41 0.30

/proc/meminfo:
MemTotal:        8051220 kB
MemFree:         5661612 kB
MemAvailable:    6807620 kB
Buffers:          154556 kB
Cached:          1177752 kB
SwapCached:            0 kB
Active:           950800 kB
Inactive:         866188 kB
Active(anon):     486356 kB
Inactive(anon):    21168 kB
Active(file):     464444 kB
Inactive(file):   845020 kB
Unevictable:          32 kB
Mlocked:              32 kB
SwapTotal:       2639356 kB
SwapFree:        2639356 kB
Dirty:               240 kB
Writeback:             0 kB
AnonPages:        484036 kB
Mapped:           132728 kB
Shmem:             23052 kB
Slab:             160760 kB
SReclaimable:     115852 kB
SUnreclaim:        44908 kB
KernelStack:        8272 kB
PageTables:        10288 kB
NFS_Unstable:          0 kB
Bounce:                0 kB
WritebackTmp:          0 kB
CommitLimit:     6664964 kB
Committed_AS:    1522616 kB
VmallocTotal:   34359738367 kB
VmallocUsed:           0 kB
VmallocChunk:          0 kB
HardwareCorrupted:     0 kB
AnonHugePages:    557056 kB
CmaTotal:              0 kB
CmaFree:               0 kB
HugePages_Total:       0
HugePages_Free:        0
HugePages_Rsvd:        0
HugePages_Surp:        0
Hugepagesize:       2048 kB
DirectMap4k:      525344 kB
DirectMap2M:     4593664 kB
DirectMap1G:     3145728 kB


CPU:total 4 (4 cores per cpu, 1 threads per core) family 6 model 60 stepping 3, cmov, cx8, fxsr, mmx, sse, sse2, sse3, ssse3, sse4.1, sse4.2, popcnt, avx, avx2, aes, clmul, erms, lzcnt, tsc, tscinvbit, bmi1, bmi2

/proc/cpuinfo:
processor	: 0
vendor_id	: GenuineIntel
cpu family	: 6
model		: 60
model name	: Intel(R) Core(TM) i5-4670K CPU @ 3.40GHz
stepping	: 3
microcode	: 0x1e
cpu MHz		: 3599.882
cache size	: 6144 KB
physical id	: 0
siblings	: 4
core id		: 0
cpu cores	: 4
apicid		: 0
initial apicid	: 0
fpu		: yes
fpu_exception	: yes
cpuid level	: 13
wp		: yes
flags		: fpu vme de pse tsc msr pae mce cx8 apic sep mtrr pge mca cmov pat pse36 clflush dts acpi mmx fxsr sse sse2 ss ht tm pbe syscall nx pdpe1gb rdtscp lm constant_tsc arch_perfmon pebs bts rep_good nopl xtopology nonstop_tsc aperfmperf eagerfpu pni pclmulqdq dtes64 monitor ds_cpl vmx est tm2 ssse3 sdbg fma cx16 xtpr pdcm pcid sse4_1 sse4_2 movbe popcnt tsc_deadline_timer aes xsave avx f16c rdrand lahf_lm abm tpr_shadow vnmi flexpriority ept vpid fsgsbase tsc_adjust bmi1 avx2 smep bmi2 erms invpcid xsaveopt dtherm ida arat pln pts
bugs		:
bogomips	: 6784.36
clflush size	: 64
cache_alignment	: 64
address sizes	: 39 bits physical, 48 bits virtual
power management:

processor	: 1
vendor_id	: GenuineIntel
cpu family	: 6
model		: 60
model name	: Intel(R) Core(TM) i5-4670K CPU @ 3.40GHz
stepping	: 3
microcode	: 0x1e
cpu MHz		: 3599.882
cache size	: 6144 KB
physical id	: 0
siblings	: 4
core id		: 1
cpu cores	: 4
apicid		: 2
initial apicid	: 2
fpu		: yes
fpu_exception	: yes
cpuid level	: 13
wp		: yes
flags		: fpu vme de pse tsc msr pae mce cx8 apic sep mtrr pge mca cmov pat pse36 clflush dts acpi mmx fxsr sse sse2 ss ht tm pbe syscall nx pdpe1gb rdtscp lm constant_tsc arch_perfmon pebs bts rep_good nopl xtopology nonstop_tsc aperfmperf eagerfpu pni pclmulqdq dtes64 monitor ds_cpl vmx est tm2 ssse3 sdbg fma cx16 xtpr pdcm pcid sse4_1 sse4_2 movbe popcnt tsc_deadline_timer aes xsave avx f16c rdrand lahf_lm abm tpr_shadow vnmi flexpriority ept vpid fsgsbase tsc_adjust bmi1 avx2 smep bmi2 erms invpcid xsaveopt dtherm ida arat pln pts
bugs		:
bogomips	: 6784.36
clflush size	: 64
cache_alignment	: 64
address sizes	: 39 bits physical, 48 bits virtual
power management:

processor	: 2
vendor_id	: GenuineIntel
cpu family	: 6
model		: 60
model name	: Intel(R) Core(TM) i5-4670K CPU @ 3.40GHz
stepping	: 3
microcode	: 0x1e
cpu MHz		: 3599.882
cache size	: 6144 KB
physical id	: 0
siblings	: 4
core id		: 2
cpu cores	: 4
apicid		: 4
initial apicid	: 4
fpu		: yes
fpu_exception	: yes
cpuid level	: 13
wp		: yes
flags		: fpu vme de pse tsc msr pae mce cx8 apic sep mtrr pge mca cmov pat pse36 clflush dts acpi mmx fxsr sse sse2 ss ht tm pbe syscall nx pdpe1gb rdtscp lm constant_tsc arch_perfmon pebs bts rep_good nopl xtopology nonstop_tsc aperfmperf eagerfpu pni pclmulqdq dtes64 monitor ds_cpl vmx est tm2 ssse3 sdbg fma cx16 xtpr pdcm pcid sse4_1 sse4_2 movbe popcnt tsc_deadline_timer aes xsave avx f16c rdrand lahf_lm abm tpr_shadow vnmi flexpriority ept vpid fsgsbase tsc_adjust bmi1 avx2 smep bmi2 erms invpcid xsaveopt dtherm ida arat pln pts
bugs		:
bogomips	: 6784.36
clflush size	: 64
cache_alignment	: 64
address sizes	: 39 bits physical, 48 bits virtual
power management:

processor	: 3
vendor_id	: GenuineIntel
cpu family	: 6
model		: 60
model name	: Intel(R) Core(TM) i5-4670K CPU @ 3.40GHz
stepping	: 3
microcode	: 0x1e
cpu MHz		: 3599.882
cache size	: 6144 KB
physical id	: 0
siblings	: 4
core id		: 3
cpu cores	: 4
apicid		: 6
initial apicid	: 6
fpu		: yes
fpu_exception	: yes
cpuid level	: 13
wp		: yes
flags		: fpu vme de pse tsc msr pae mce cx8 apic sep mtrr pge mca cmov pat pse36 clflush dts acpi mmx fxsr sse sse2 ss ht tm pbe syscall nx pdpe1gb rdtscp lm constant_tsc arch_perfmon pebs bts rep_good nopl xtopology nonstop_tsc aperfmperf eagerfpu pni pclmulqdq dtes64 monitor ds_cpl vmx est tm2 ssse3 sdbg fma cx16 xtpr pdcm pcid sse4_1 sse4_2 movbe popcnt tsc_deadline_timer aes xsave avx f16c rdrand lahf_lm abm tpr_shadow vnmi flexpriority ept vpid fsgsbase tsc_adjust bmi1 avx2 smep bmi2 erms invpcid xsaveopt dtherm ida arat pln pts
bugs		:
bogomips	: 6784.36
clflush size	: 64
cache_alignment	: 64
address sizes	: 39 bits physical, 48 bits virtual
power management:



Memory: 4k page, physical 8051220k(5710944k free), swap 2639356k(2639356k free)

vm_info: OpenJDK 64-Bit Server VM (25.121-b13) for linux-amd64 JRE (1.8.0_121-8u121-b13-0ubuntu1.16.04.2-b13), built on Jan 23 2017 15:51:29 by "buildd" with gcc 5.4.0 20160609

time: Tue Mar 14 10:45:52 2017
elapsed time: 2974 seconds (0d 0h 49m 34s)

